Using pre-set license
Built from '2020.3/staging' branch; Version is '2020.3.32f1 (12f8b0834f07) revision 1243312'; Using compiler version '192528614'; Build Type 'Release'
OS: 'Windows 11  (10.0.22000) 64bit Professional' Language: 'es' Physical Memory: 15792 MB
BatchMode: 1, IsHumanControllingUs: 0, StartBugReporterOnCrash: 0, Is64bit: 1, IsPro: 0

COMMAND LINE ARGUMENTS:
C:\Program Files\Unity\Hub\Editor\2020.3.32f1\Editor\Unity.exe
-adb2
-batchMode
-noUpm
-name
AssetImportWorker0
-projectPath
C:/Users/edu10/Documents/GitHub/ClowsOut/ClawsOut_Normal
-logFile
Logs/AssetImportWorker0.log
-srvPort
52609
Successfully changed project path to: C:/Users/edu10/Documents/GitHub/ClowsOut/ClawsOut_Normal
C:/Users/edu10/Documents/GitHub/ClowsOut/ClawsOut_Normal
Using Asset Import Pipeline V2.
Refreshing native plugins compatible for Editor in 63.94 ms, found 2 plugins.
Preloading 0 native plugins for Editor in 0.00 ms.
Initialize engine version: 2020.3.32f1 (12f8b0834f07)
[Subsystems] Discovering subsystems at path C:/Program Files/Unity/Hub/Editor/2020.3.32f1/Editor/Data/Resources/UnitySubsystems
[Subsystems] Discovering subsystems at path C:/Users/edu10/Documents/GitHub/ClowsOut/ClawsOut_Normal/Assets
GfxDevice: creating device client; threaded=0
Direct3D:
    Version:  Direct3D 11.0 [level 11.1]
    Renderer: AMD Radeon(TM) Graphics (ID=0x1638)
    Vendor:   
    VRAM:     7896 MB
    Driver:   27.20.14016.7001
Initialize mono
Mono path[0] = 'C:/Program Files/Unity/Hub/Editor/2020.3.32f1/Editor/Data/Managed'
Mono path[1] = 'C:/Program Files/Unity/Hub/Editor/2020.3.32f1/Editor/Data/MonoBleedingEdge/lib/mono/unityjit'
Mono config path = 'C:/Program Files/Unity/Hub/Editor/2020.3.32f1/Editor/Data/MonoBleedingEdge/etc'
Using monoOptions --debugger-agent=transport=dt_socket,embedding=1,server=y,suspend=n,address=127.0.0.1:56292
Begin MonoManager ReloadAssembly
Registering precompiled unity dll's ...
Register platform support module: C:/Program Files/Unity/Hub/Editor/2020.3.32f1/Editor/Data/PlaybackEngines/WindowsStandaloneSupport/UnityEditor.WindowsStandalone.Extensions.dll
Registered in 0.001857 seconds.
Native extension for WindowsStandalone target not found
Refreshing native plugins compatible for Editor in 56.56 ms, found 2 plugins.
Preloading 0 native plugins for Editor in 0.00 ms.
Mono: successfully reloaded assembly
- Completed reload, in  0.695 seconds
Domain Reload Profiling:
	ReloadAssembly (695ms)
		BeginReloadAssembly (84ms)
			ExecutionOrderSort (0ms)
			DisableScriptedObjects (0ms)
			BackupInstance (0ms)
			ReleaseScriptingObjects (0ms)
			CreateAndSetChildDomain (1ms)
		EndReloadAssembly (530ms)
			LoadAssemblies (81ms)
			RebuildTransferFunctionScriptingTraits (0ms)
			SetupTypeCache (160ms)
			ReleaseScriptCaches (0ms)
			RebuildScriptCaches (32ms)
			SetupLoadedEditorAssemblies (216ms)
				LogAssemblyErrors (0ms)
				InitializePlatformSupportModulesInManaged (5ms)
				SetLoadedEditorAssemblies (0ms)
				RefreshPlugins (57ms)
				BeforeProcessingInitializeOnLoad (20ms)
				ProcessInitializeOnLoadAttributes (99ms)
				ProcessInitializeOnLoadMethodAttributes (34ms)
				AfterProcessingInitializeOnLoad (0ms)
				EditorAssembliesLoaded (0ms)
			ExecutionOrderSort2 (0ms)
			AwakeInstancesAfterBackupRestoration (0ms)
Platform modules already initialized, skipping
Registering precompiled user dll's ...
Registered in 0.003422 seconds.
Begin MonoManager ReloadAssembly
Native extension for WindowsStandalone target not found
Refreshing native plugins compatible for Editor in 54.09 ms, found 2 plugins.
Preloading 0 native plugins for Editor in 0.00 ms.
Mono: successfully reloaded assembly
- Completed reload, in  1.421 seconds
Domain Reload Profiling:
	ReloadAssembly (1422ms)
		BeginReloadAssembly (167ms)
			ExecutionOrderSort (0ms)
			DisableScriptedObjects (6ms)
			BackupInstance (0ms)
			ReleaseScriptingObjects (0ms)
			CreateAndSetChildDomain (23ms)
		EndReloadAssembly (1187ms)
			LoadAssemblies (122ms)
			RebuildTransferFunctionScriptingTraits (0ms)
			SetupTypeCache (313ms)
			ReleaseScriptCaches (2ms)
			RebuildScriptCaches (68ms)
			SetupLoadedEditorAssemblies (532ms)
				LogAssemblyErrors (0ms)
				InitializePlatformSupportModulesInManaged (5ms)
				SetLoadedEditorAssemblies (0ms)
				RefreshPlugins (54ms)
				BeforeProcessingInitializeOnLoad (98ms)
				ProcessInitializeOnLoadAttributes (351ms)
				ProcessInitializeOnLoadMethodAttributes (17ms)
				AfterProcessingInitializeOnLoad (6ms)
				EditorAssembliesLoaded (0ms)
			ExecutionOrderSort2 (0ms)
			AwakeInstancesAfterBackupRestoration (8ms)
Platform modules already initialized, skipping
========================================================================
Worker process is ready to serve import requests
Launched and connected shader compiler UnityShaderCompiler.exe after 0.07 seconds
Refreshing native plugins compatible for Editor in 0.73 ms, found 2 plugins.
Preloading 0 native plugins for Editor in 0.00 ms.
Unloading 2452 Unused Serialized files (Serialized files now loaded: 0)
System memory in use before: 108.3 MB.
System memory in use after: 108.4 MB.

Unloading 21 unused Assets to reduce memory usage. Loaded Objects now: 2893.
Total: 4.436900 ms (FindLiveObjects: 0.219200 ms CreateObjectMapping: 0.124700 ms MarkObjects: 3.926400 ms  DeleteObjects: 0.165700 ms)

AssetImportParameters requested are different than current active one (requested -> active):
  custom:framework-win-MediaFoundation: 216162199b28c13a410421893ffa2e32 -> 
  custom:video-decoder-ogg-theora: a1e56fd34408186e4bbccfd4996cb3dc -> 
  custom:container-muxer-webm: aa71ff27fc2769a1b78a27578f13a17b -> 
  custom:container-demuxer-webm: 4f35f7cbe854078d1ac9338744f61a02 -> 
  custom:container-demuxer-ogg: 62fdf1f143b41e24485cea50d1cbac27 -> 
  custom:video-encoder-webm-vp8: eb34c28f22e8b96e1ab97ce403110664 -> 
  custom:video-decoder-webm-vp8: 9c59270c3fd7afecdb556c50c9e8de78 -> 
  custom:audio-decoder-ogg-vorbis: bf7c407c2cedff20999df2af8eb42d56 -> 
  custom:audio-encoder-webm-vorbis: bf7c407c2cedff20999df2af8eb42d56 -> 
========================================================================
Received Import Request.
  path: Assets/Shaders/CrossHairFill.mat
  artifactKey: Guid(2bc58039a9d19214d964d3bbb10109ba) Importer(815301076,1909f56bfc062723c751e8b465ee728b)
Start importing Assets/Shaders/CrossHairFill.mat using Guid(2bc58039a9d19214d964d3bbb10109ba) Importer(815301076,1909f56bfc062723c751e8b465ee728b)  -> (artifact id: '601a2a0025392c0bba48a4333b07ae29') in 0.136096 seconds 
========================================================================
Received Import Request.
  Time since last request: 0.000302 seconds.
  path: Assets/Shaders/ToonShaderCode.mat
  artifactKey: Guid(f15800930e6683c4b90022491233a8e3) Importer(815301076,1909f56bfc062723c751e8b465ee728b)
Start importing Assets/Shaders/ToonShaderCode.mat using Guid(f15800930e6683c4b90022491233a8e3) Importer(815301076,1909f56bfc062723c751e8b465ee728b)  -> (artifact id: '5c74cb5d8a307babf5b79dabb144d344') in 0.011651 seconds 
========================================================================
Received Import Request.
  Time since last request: 87.032085 seconds.
  path: Assets/Shaders/ToonMaterial.mat
  artifactKey: Guid(b969ec35bd386a84bbf944dcba0e866d) Importer(815301076,1909f56bfc062723c751e8b465ee728b)
Start importing Assets/Shaders/ToonMaterial.mat using Guid(b969ec35bd386a84bbf944dcba0e866d) Importer(815301076,1909f56bfc062723c751e8b465ee728b)  -> (artifact id: '358e9a45b41c5bd6515a2567948dae2b') in 0.029138 seconds 
========================================================================
Received Import Request.
  Time since last request: 221.889776 seconds.
  path: Assets/Shaders/YellowDragon.fbx
  artifactKey: Guid(a3ff70184dd849f4484b8db3501392ca) Importer(815301076,1909f56bfc062723c751e8b465ee728b)
Start importing Assets/Shaders/YellowDragon.fbx using Guid(a3ff70184dd849f4484b8db3501392ca) Importer(815301076,1909f56bfc062723c751e8b465ee728b)  -> (artifact id: 'd68917c1f06d2bdeef4c9267d9d7d1e9') in 0.130109 seconds 
========================================================================
Received Import Request.
  Time since last request: 213.897770 seconds.
  path: Assets/Shaders/ToonShaderWithCode.shader
  artifactKey: Guid(ee0300e1e7b25524892954cd0849b206) Importer(815301076,1909f56bfc062723c751e8b465ee728b)
Start importing Assets/Shaders/ToonShaderWithCode.shader using Guid(ee0300e1e7b25524892954cd0849b206) Importer(815301076,1909f56bfc062723c751e8b465ee728b)  -> (artifact id: '5aa2b8e08703527f5ec03f9a7644b1c7') in 0.047977 seconds 
========================================================================
Received Import Request.
  Time since last request: 381.088792 seconds.
  path: Assets/Shaders/ToonMaterial.mat
  artifactKey: Guid(b969ec35bd386a84bbf944dcba0e866d) Importer(815301076,1909f56bfc062723c751e8b465ee728b)
Start importing Assets/Shaders/ToonMaterial.mat using Guid(b969ec35bd386a84bbf944dcba0e866d) Importer(815301076,1909f56bfc062723c751e8b465ee728b)  -> (artifact id: '1b0df02657201408ae7d7488d9643f30') in 0.016626 seconds 
========================================================================
Received Import Request.
  Time since last request: 0.000333 seconds.
  path: Assets/Shaders/ToonShaderCode.mat
  artifactKey: Guid(f15800930e6683c4b90022491233a8e3) Importer(815301076,1909f56bfc062723c751e8b465ee728b)
Start importing Assets/Shaders/ToonShaderCode.mat using Guid(f15800930e6683c4b90022491233a8e3) Importer(815301076,1909f56bfc062723c751e8b465ee728b)  -> (artifact id: '5b175d55b6fe41edb5bf6e6c37016b05') in 0.017238 seconds 
========================================================================
Received Import Request.
  Time since last request: 74.771214 seconds.
  path: Assets/Shaders/ToonMaterial.mat
  artifactKey: Guid(b969ec35bd386a84bbf944dcba0e866d) Importer(815301076,1909f56bfc062723c751e8b465ee728b)
Start importing Assets/Shaders/ToonMaterial.mat using Guid(b969ec35bd386a84bbf944dcba0e866d) Importer(815301076,1909f56bfc062723c751e8b465ee728b)  -> (artifact id: '15ea05732b248fc6e3414e0ebcfd5ebc') in 0.023328 seconds 
AssetImportWorkerClient::OnTransportError - code=2 error=End of file
